<?xml version="1.0" encoding="UTF-8"?>
<testng-results ignored="0" total="1" passed="1" failed="0" skipped="0">
  <reporter-output>
  </reporter-output>
  <suite started-at="2022-10-18T16:47:08 IST" name="Default suite" finished-at="2022-10-18T16:48:17 IST" duration-ms="68278">
    <groups>
    </groups>
    <test started-at="2022-10-18T16:47:08 IST" name="Default test" finished-at="2022-10-18T16:48:17 IST" duration-ms="68278">
      <class name="org.makemytrip.bookTicket.BookFlightTicketTest">
        <test-method is-config="true" signature="suiteSetup()[pri:0, instance:org.makemytrip.bookTicket.BookFlightTicketTest@1ed4ae0f]" started-at="2022-10-18T16:47:08 IST" name="suiteSetup" finished-at="2022-10-18T16:47:08 IST" duration-ms="22" status="PASS">
          <reporter-output>
          </reporter-output>
        </test-method> <!-- suiteSetup -->
        <test-method is-config="true" signature="classSetup()[pri:0, instance:org.makemytrip.bookTicket.BookFlightTicketTest@1ed4ae0f]" started-at="2022-10-18T16:47:09 IST" name="classSetup" finished-at="2022-10-18T16:47:26 IST" duration-ms="16624" status="PASS">
          <reporter-output>
          </reporter-output>
        </test-method> <!-- classSetup -->
        <test-method is-config="true" signature="methodSetup()[pri:0, instance:org.makemytrip.bookTicket.BookFlightTicketTest@1ed4ae0f]" started-at="2022-10-18T16:47:26 IST" name="methodSetup" finished-at="2022-10-18T16:47:26 IST" duration-ms="1" status="PASS">
          <reporter-output>
          </reporter-output>
        </test-method> <!-- methodSetup -->
        <test-method signature="bookFlightTicketTest()[pri:0, instance:org.makemytrip.bookTicket.BookFlightTicketTest@1ed4ae0f]" started-at="2022-10-18T16:47:26 IST" name="bookFlightTicketTest" finished-at="2022-10-18T16:48:16 IST" duration-ms="50125" status="PASS">
          <reporter-output>
          </reporter-output>
        </test-method> <!-- bookFlightTicketTest -->
        <test-method is-config="true" signature="methodTearDown()[pri:0, instance:org.makemytrip.bookTicket.BookFlightTicketTest@1ed4ae0f]" started-at="2022-10-18T16:48:16 IST" name="methodTearDown" finished-at="2022-10-18T16:48:17 IST" duration-ms="979" status="PASS">
          <reporter-output>
          </reporter-output>
        </test-method> <!-- methodTearDown -->
        <test-method is-config="true" signature="classTearDown()[pri:0, instance:org.makemytrip.bookTicket.BookFlightTicketTest@1ed4ae0f]" started-at="2022-10-18T16:48:17 IST" name="classTearDown" finished-at="2022-10-18T16:48:17 IST" duration-ms="2" status="PASS">
          <reporter-output>
          </reporter-output>
        </test-method> <!-- classTearDown -->
        <test-method is-config="true" signature="suiteTearDown()[pri:0, instance:org.makemytrip.bookTicket.BookFlightTicketTest@1ed4ae0f]" started-at="2022-10-18T16:48:17 IST" name="suiteTearDown" finished-at="2022-10-18T16:48:17 IST" duration-ms="1" status="PASS">
          <reporter-output>
          </reporter-output>
        </test-method> <!-- suiteTearDown -->
      </class> <!-- org.makemytrip.bookTicket.BookFlightTicketTest -->
    </test> <!-- Default test -->
  </suite> <!-- Default suite -->
</testng-results>
